<?xml version="1.0" encoding="UTF-8"?>
<!-- Generated by org.testng.reporters.JUnitXMLReporter -->
<testsuite ignored="0" hostname="Neeta-Toronto" failures="0" tests="4" name="Default test" time="38.386" errors="0" timestamp="2023-09-05T15:45:56 EDT">
  <testcase classname="testLayer.LoginTest" name="loginHRM" time="2.7"/>
  <testcase classname="testLayer.LoginTest" name="loginHRM" time="2.63"/>
  <testcase classname="testLayer.LoginTest" name="loginHRM" time="2.606"/>
  <testcase classname="testLayer.LoginTest" name="Title" time="0.033"/>
</testsuite> <!-- Default test -->
